Added Component: Designator=C1(0805)
Added Component: Designator=C2(0805)
Added Component: Designator=C3(0805)
Added Component: Designator=C4(0805)
Added Component: Designator=C5(CAPPR2.5-6.3X11)
Added Component: Designator=C6(0805)
Added Component: Designator=P1(HDR1X4)
Added Component: Designator=P2(HDR1X3)
Added Component: Designator=P3(HDR1X6)
Added Component: Designator=P4(HDR1X4)
Added Component: Designator=R1(6-0805)
Added Component: Designator=R2(6-0805)
Added Component: Designator=U1(SOT865-3_V)
Added Component: Designator=Y1(R38)
Added Pin To Net: NetName=CTS Pin=P3-5
Added Pin To Net: NetName=CTS Pin=U1-16
Added Net: Name=CTS
Added Pin To Net: NetName=DTR Pin=P3-3
Added Pin To Net: NetName=DTR Pin=U1-1
Added Net: Name=DTR
Added Pin To Net: NetName=GND Pin=C1-1
Added Pin To Net: NetName=GND Pin=C2-1
Added Pin To Net: NetName=GND Pin=C3-2
Added Pin To Net: NetName=GND Pin=C4-2
Added Pin To Net: NetName=GND Pin=C5-2
Added Pin To Net: NetName=GND Pin=P1-4
Added Pin To Net: NetName=GND Pin=P3-6
Added Pin To Net: NetName=GND Pin=R2-1
Added Pin To Net: NetName=GND Pin=U1-33
Added Net: Name=GND
Added Pin To Net: NetName=ISP Pin=C1-2
Added Pin To Net: NetName=ISP Pin=P2-1
Added Pin To Net: NetName=ISP Pin=R1-1
Added Pin To Net: NetName=ISP Pin=U1-3
Added Net: Name=ISP
Added Pin To Net: NetName=NetC3_1 Pin=C3-1
Added Pin To Net: NetName=NetC3_1 Pin=U1-4
Added Pin To Net: NetName=NetC3_1 Pin=Y1-2
Added Net: Name=NetC3_1
Added Pin To Net: NetName=NetC4_1 Pin=C4-1
Added Pin To Net: NetName=NetC4_1 Pin=U1-5
Added Pin To Net: NetName=NetC4_1 Pin=Y1-1
Added Net: Name=NetC4_1
Added Pin To Net: NetName=NetC6_1 Pin=C6-1
Added Pin To Net: NetName=NetC6_1 Pin=P4-4
Added Net: Name=NetC6_1
Added Pin To Net: NetName=NetC6_2 Pin=C6-2
Added Pin To Net: NetName=NetC6_2 Pin=P4-1
Added Net: Name=NetC6_2
Added Pin To Net: NetName=NetIC1_1 Pin=P4-3
Added Net: Name=NetIC1_1
Added Pin To Net: NetName=NetIC1_6 Pin=P4-2
Added Net: Name=NetIC1_6
Added Pin To Net: NetName=NetP2_2 Pin=P2-2
Added Pin To Net: NetName=NetP2_2 Pin=R2-2
Added Net: Name=NetP2_2
Added Pin To Net: NetName=RESET Pin=U1-2
Added Net: Name=RESET
Added Pin To Net: NetName=RTS Pin=P3-4
Added Pin To Net: NetName=RTS Pin=U1-30
Added Net: Name=RTS
Added Pin To Net: NetName=RXD Pin=P3-1
Added Pin To Net: NetName=RXD Pin=U1-31
Added Net: Name=RXD
Added Pin To Net: NetName=SCL Pin=P1-3
Added Pin To Net: NetName=SCL Pin=U1-10
Added Net: Name=SCL
Added Pin To Net: NetName=SDA Pin=P1-2
Added Pin To Net: NetName=SDA Pin=U1-11
Added Net: Name=SDA
Added Pin To Net: NetName=TXD Pin=P3-2
Added Pin To Net: NetName=TXD Pin=U1-32
Added Net: Name=TXD
Added Pin To Net: NetName=VDD Pin=C2-2
Added Pin To Net: NetName=VDD Pin=C5-1
Added Pin To Net: NetName=VDD Pin=P1-1
Added Pin To Net: NetName=VDD Pin=R1-2
Added Pin To Net: NetName=VDD Pin=U1-6
Added Pin To Net: NetName=VDD Pin=U1-29
Added Net: Name=VDD
Added Class: Name=HIGROTERM
Added Class: Name=SHT-BREAD
Added Room: Name=HIGROTERM
Added Room: Name=SHT-BREAD
