Added Component: Designator=C1(0805)
Added Component: Designator=C2(0805)
Added Component: Designator=C3(0805)
Added Component: Designator=C4(0805)
Added Component: Designator=C5(SMD-CPOL)
Added Component: Designator=C6(0805)
Added Component: Designator=C7(SMD-CPOL)
Added Component: Designator=C8(SMD-CPOL)
Added Component: Designator=C9(0805)
Added Component: Designator=C10(0805)
Added Component: Designator=D1(SMB)
Added Component: Designator=D2(3.2X1.6X1.1)
Added Component: Designator=IC1(PCBComponent_1)
Added Component: Designator=J1(KLD-0202)
Added Component: Designator=P1(HDR1X4)
Added Component: Designator=P2(HDR1X3)
Added Component: Designator=P3(HDR1X6)
Added Component: Designator=P4(HDR1X4)
Added Component: Designator=P5(HDR1X8)
Added Component: Designator=P6(HDR1X4)
Added Component: Designator=P7(HDR1X6)
Added Component: Designator=R1(6-0805)
Added Component: Designator=R2(6-0805)
Added Component: Designator=R3(6-0805)
Added Component: Designator=R4(6-0805)
Added Component: Designator=U1(SOT865-3_V)
Added Component: Designator=U2(MP04A_N)
Added Component: Designator=Y1(XTAL-HC497)
Added Pin To Net: NetName=AD0 Pin=P5-1
Added Pin To Net: NetName=AD0 Pin=U1-21
Added Net: Name=AD0
Added Pin To Net: NetName=AD1 Pin=P5-2
Added Pin To Net: NetName=AD1 Pin=U1-22
Added Net: Name=AD1
Added Pin To Net: NetName=AD2 Pin=P5-3
Added Pin To Net: NetName=AD2 Pin=U1-23
Added Net: Name=AD2
Added Pin To Net: NetName=AD3 Pin=P5-4
Added Pin To Net: NetName=AD3 Pin=U1-24
Added Net: Name=AD3
Added Pin To Net: NetName=AD4 Pin=P5-5
Added Pin To Net: NetName=AD4 Pin=U1-25
Added Net: Name=AD4
Added Pin To Net: NetName=AD5 Pin=P5-6
Added Pin To Net: NetName=AD5 Pin=U1-26
Added Net: Name=AD5
Added Pin To Net: NetName=AD6 Pin=P5-7
Added Pin To Net: NetName=AD6 Pin=U1-20
Added Net: Name=AD6
Added Pin To Net: NetName=AD7 Pin=P5-8
Added Pin To Net: NetName=AD7 Pin=U1-27
Added Net: Name=AD7
Added Pin To Net: NetName=CTS Pin=P3-5
Added Pin To Net: NetName=CTS Pin=U1-16
Added Net: Name=CTS
Added Pin To Net: NetName=DTR Pin=P3-3
Added Pin To Net: NetName=DTR Pin=U1-1
Added Net: Name=DTR
Added Pin To Net: NetName=GND Pin=C1-1
Added Pin To Net: NetName=GND Pin=C2-1
Added Pin To Net: NetName=GND Pin=C3-2
Added Pin To Net: NetName=GND Pin=C4-2
Added Pin To Net: NetName=GND Pin=C5-2
Added Pin To Net: NetName=GND Pin=C7-2
Added Pin To Net: NetName=GND Pin=C8-2
Added Pin To Net: NetName=GND Pin=C9-1
Added Pin To Net: NetName=GND Pin=C10-1
Added Pin To Net: NetName=GND Pin=J1-2
Added Pin To Net: NetName=GND Pin=J1-2A
Added Pin To Net: NetName=GND Pin=J1-2B
Added Pin To Net: NetName=GND Pin=J1-3
Added Pin To Net: NetName=GND Pin=J1-3A
Added Pin To Net: NetName=GND Pin=J1-3B
Added Pin To Net: NetName=GND Pin=P1-4
Added Pin To Net: NetName=GND Pin=P3-6
Added Pin To Net: NetName=GND Pin=R2-1
Added Pin To Net: NetName=GND Pin=U1-33
Added Pin To Net: NetName=GND Pin=U2-1
Added Net: Name=GND
Added Pin To Net: NetName=ISP Pin=C1-2
Added Pin To Net: NetName=ISP Pin=P2-1
Added Pin To Net: NetName=ISP Pin=R1-1
Added Pin To Net: NetName=ISP Pin=U1-3
Added Net: Name=ISP
Added Pin To Net: NetName=MISO Pin=P6-4
Added Pin To Net: NetName=MISO Pin=U1-17
Added Net: Name=MISO
Added Pin To Net: NetName=MOSI Pin=P6-3
Added Pin To Net: NetName=MOSI Pin=U1-18
Added Net: Name=MOSI
Added Pin To Net: NetName=NetC3_1 Pin=C3-1
Added Pin To Net: NetName=NetC3_1 Pin=U1-4
Added Pin To Net: NetName=NetC3_1 Pin=Y1-2
Added Net: Name=NetC3_1
Added Pin To Net: NetName=NetC4_1 Pin=C4-1
Added Pin To Net: NetName=NetC4_1 Pin=U1-5
Added Pin To Net: NetName=NetC4_1 Pin=Y1-1
Added Net: Name=NetC4_1
Added Pin To Net: NetName=NetC6_1 Pin=C6-1
Added Pin To Net: NetName=NetC6_1 Pin=IC1-2
Added Pin To Net: NetName=NetC6_1 Pin=P4-4
Added Net: Name=NetC6_1
Added Pin To Net: NetName=NetC6_2 Pin=C6-2
Added Pin To Net: NetName=NetC6_2 Pin=IC1-5
Added Pin To Net: NetName=NetC6_2 Pin=P4-1
Added Net: Name=NetC6_2
Added Pin To Net: NetName=NetC7_1 Pin=C7-1
Added Pin To Net: NetName=NetC7_1 Pin=C9-2
Added Pin To Net: NetName=NetC7_1 Pin=D1-2
Added Pin To Net: NetName=NetC7_1 Pin=U2-3
Added Net: Name=NetC7_1
Added Pin To Net: NetName=NetD1_1 Pin=D1-1
Added Pin To Net: NetName=NetD1_1 Pin=J1-1
Added Pin To Net: NetName=NetD1_1 Pin=J1-1A
Added Pin To Net: NetName=NetD1_1 Pin=J1-1B
Added Net: Name=NetD1_1
Added Pin To Net: NetName=NetIC1_1 Pin=IC1-1
Added Pin To Net: NetName=NetIC1_1 Pin=P4-3
Added Net: Name=NetIC1_1
Added Pin To Net: NetName=NetIC1_6 Pin=IC1-6
Added Pin To Net: NetName=NetIC1_6 Pin=P4-2
Added Net: Name=NetIC1_6
Added Pin To Net: NetName=NetP2_2 Pin=P2-2
Added Pin To Net: NetName=NetP2_2 Pin=R2-2
Added Net: Name=NetP2_2
Added Pin To Net: NetName=PIO0 Pin=P7-1
Added Pin To Net: NetName=PIO0 Pin=U1-9
Added Net: Name=PIO0
Added Pin To Net: NetName=PIO1 Pin=P7-2
Added Pin To Net: NetName=PIO1 Pin=U1-19
Added Net: Name=PIO1
Added Pin To Net: NetName=PIO2 Pin=P7-3
Added Pin To Net: NetName=PIO2 Pin=U1-7
Added Net: Name=PIO2
Added Pin To Net: NetName=PIO3 Pin=P7-4
Added Pin To Net: NetName=PIO3 Pin=U1-12
Added Net: Name=PIO3
Added Pin To Net: NetName=PIO4 Pin=P7-5
Added Pin To Net: NetName=PIO4 Pin=U1-28
Added Net: Name=PIO4
Added Pin To Net: NetName=PIO5 Pin=P7-6
Added Pin To Net: NetName=PIO5 Pin=U1-13
Added Net: Name=PIO5
Added Pin To Net: NetName=PIO6 Pin=D2-2
Added Pin To Net: NetName=PIO6 Pin=U1-14
Added Net: Name=PIO6
Added Pin To Net: NetName=RESET Pin=U1-2
Added Net: Name=RESET
Added Pin To Net: NetName=RTS Pin=P3-4
Added Pin To Net: NetName=RTS Pin=U1-30
Added Net: Name=RTS
Added Pin To Net: NetName=RXD Pin=P3-1
Added Pin To Net: NetName=RXD Pin=U1-31
Added Net: Name=RXD
Added Pin To Net: NetName=SCK0 Pin=P6-1
Added Pin To Net: NetName=SCK0 Pin=U1-15
Added Net: Name=SCK0
Added Pin To Net: NetName=SCL Pin=P1-3
Added Pin To Net: NetName=SCL Pin=R3-1
Added Pin To Net: NetName=SCL Pin=U1-10
Added Net: Name=SCL
Added Pin To Net: NetName=SDA Pin=P1-2
Added Pin To Net: NetName=SDA Pin=R4-1
Added Pin To Net: NetName=SDA Pin=U1-11
Added Net: Name=SDA
Added Pin To Net: NetName=SSEL0 Pin=P6-2
Added Pin To Net: NetName=SSEL0 Pin=U1-8
Added Net: Name=SSEL0
Added Pin To Net: NetName=TXD Pin=P3-2
Added Pin To Net: NetName=TXD Pin=U1-32
Added Net: Name=TXD
Added Pin To Net: NetName=VDD Pin=C2-2
Added Pin To Net: NetName=VDD Pin=C5-1
Added Pin To Net: NetName=VDD Pin=C8-1
Added Pin To Net: NetName=VDD Pin=C10-2
Added Pin To Net: NetName=VDD Pin=D2-1
Added Pin To Net: NetName=VDD Pin=P1-1
Added Pin To Net: NetName=VDD Pin=R1-2
Added Pin To Net: NetName=VDD Pin=R3-2
Added Pin To Net: NetName=VDD Pin=R4-2
Added Pin To Net: NetName=VDD Pin=U1-6
Added Pin To Net: NetName=VDD Pin=U1-29
Added Pin To Net: NetName=VDD Pin=U2-2
Added Net: Name=VDD
Added Class: Name=HIGROTERM
Added Class: Name=SHT-BREAD
Added Room: Name=HIGROTERM
Added Room: Name=SHT-BREAD
